[02:27:34.512] [INFO] storybook v10.1.2
[02:27:34.877] [DEBUG] Getting package.json info for /Users/ben/Desktop/reg/package.json...
[02:27:34.993] [INFO] Starting...
[02:27:35.157] [DEBUG] Starting preview..
[02:27:35.208] [DEBUG] Using tsconfig paths for react-docgen
[02:27:35.208] [ERROR] Failed to build the preview
[02:27:35.209] [ERROR] [38;2;241;97;97mReferenceError: __dirname is not defined[39m
    at Object.viteFinal (file://./.storybook/main.ts:19:15)
    at file://./node_modules/storybook/dist/_node-chunks/chunk-2ROLNOX5.js:10134:36
    at async createViteServer (file://./node_modules/@storybook/builder-vite/dist/index.js:6410:21)
    at async Module.start (file://./node_modules/@storybook/builder-vite/dist/index.js:6435:17)
    at async storybookDevServer (file://./node_modules/storybook/dist/core-server/index.js:7180:82)
    at async buildOrThrow (file://./node_modules/storybook/dist/core-server/index.js:5556:12)
    at async buildDevStandalone (file://./node_modules/storybook/dist/core-server/index.js:7582:66)
    at async withTelemetry (file://./node_modules/storybook/dist/_node-chunks/chunk-U5ZVDYGC.js:205:12)
    at async dev (file://./node_modules/storybook/dist/bin/core.js:2734:3)
    at async _Command.<anonymous> (file://./node_modules/storybook/dist/bin/core.js:2795:92)
[02:27:35.210] [WARN] Broken build, fix the error above.
You may need to refresh the browser.